# JRE version: Java(TM) SE Runtime Environment (8.0_101-b13) (build 1.8.0_101-b13)
# Java VM: Java HotSpot(TM) 64-Bit Server VM (25.101-b13 mixed mode bsd-amd64 compressed oops)
Heap:
 PSYoungGen      total 46592K, used 31718K [0x0000000795580000, 0x0000000799200000, 0x00000007c0000000)
  eden space 32256K, 93% used [0x0000000795580000,0x00000007972ec230,0x0000000797500000)
  from space 14336K, 11% used [0x0000000798400000,0x000000079858d668,0x0000000799200000)
  to   space 14848K, 0% used [0x0000000797500000,0x0000000797500000,0x0000000798380000)
 ParOldGen       total 55808K, used 14287K [0x0000000740000000, 0x0000000743680000, 0x0000000795580000)
  object space 55808K, 25% used [0x0000000740000000,0x0000000740df3de8,0x0000000743680000)
 Metaspace       used 22226K, capacity 22592K, committed 23040K, reserved 1069056K
  class space    used 2845K, capacity 2960K, committed 3072K, reserved 1048576K
GC Heap History (10 events):
Event: 164.615 GC heap before
{Heap before GC invocations=3 (full 0):
 PSYoungGen      total 38400K, used 15575K [0x0000000795580000, 0x0000000798000000, 0x00000007c0000000)
  eden space 33280K, 31% used [0x0000000795580000,0x0000000795fba870,0x0000000797600000)
  from space 5120K, 99% used [0x0000000797b00000,0x0000000797ffb660,0x0000000798000000)
  to   space 5120K, 0% used [0x0000000797600000,0x0000000797600000,0x0000000797b00000)
 ParOldGen       total 87552K, used 11222K [0x0000000740000000, 0x0000000745580000, 0x0000000795580000)
  object space 87552K, 12% used [0x0000000740000000,0x0000000740af5840,0x0000000745580000)
 Metaspace       used 20752K, capacity 21026K, committed 21248K, reserved 1067008K
  class space    used 2643K, capacity 2725K, committed 2816K, reserved 1048576K
Event: 164.627 GC heap after
Heap after GC invocations=3 (full 0):
 PSYoungGen      total 38400K, used 5117K [0x0000000795580000, 0x0000000798000000, 0x00000007c0000000)
  eden space 33280K, 0% used [0x0000000795580000,0x0000000795580000,0x0000000797600000)
  from space 5120K, 99% used [0x0000000797600000,0x0000000797aff650,0x0000000797b00000)
  to   space 5120K, 0% used [0x0000000797b00000,0x0000000797b00000,0x0000000798000000)
 ParOldGen       total 87552K, used 12474K [0x0000000740000000, 0x0000000745580000, 0x0000000795580000)
  object space 87552K, 14% used [0x0000000740000000,0x0000000740c2e9c8,0x0000000745580000)
 Metaspace       used 20752K, capacity 21026K, committed 21248K, reserved 1067008K
  class space    used 2643K, capacity 2725K, committed 2816K, reserved 1048576K
}
Event: 164.627 GC heap before
{Heap before GC invocations=4 (full 1):
 PSYoungGen      total 38400K, used 5117K [0x0000000795580000, 0x0000000798000000, 0x00000007c0000000)
  eden space 33280K, 0% used [0x0000000795580000,0x0000000795580000,0x0000000797600000)
  from space 5120K, 99% used [0x0000000797600000,0x0000000797aff650,0x0000000797b00000)
  to   space 5120K, 0% used [0x0000000797b00000,0x0000000797b00000,0x0000000798000000)
 ParOldGen       total 87552K, used 12474K [0x0000000740000000, 0x0000000745580000, 0x0000000795580000)
  object space 87552K, 14% used [0x0000000740000000,0x0000000740c2e9c8,0x0000000745580000)
 Metaspace       used 20752K, capacity 21026K, committed 21248K, reserved 1067008K
  class space    used 2643K, capacity 2725K, committed 2816K, reserved 1048576K
Event: 164.682 GC heap after
Heap after GC invocations=4 (full 1):
 PSYoungGen      total 38400K, used 0K [0x0000000795580000, 0x0000000798000000, 0x00000007c0000000)
  eden space 33280K, 0% used [0x0000000795580000,0x0000000795580000,0x0000000797600000)
  from space 5120K, 0% used [0x0000000797600000,0x0000000797600000,0x0000000797b00000)
  to   space 5120K, 0% used [0x0000000797b00000,0x0000000797b00000,0x0000000798000000)
 ParOldGen       total 55808K, used 14263K [0x0000000740000000, 0x0000000743680000, 0x0000000795580000)
  object space 55808K, 25% used [0x0000000740000000,0x0000000740dedde8,0x0000000743680000)
 Metaspace       used 20752K, capacity 21026K, committed 21248K, reserved 1067008K
  class space    used 2643K, capacity 2725K, committed 2816K, reserved 1048576K
}
Event: 217.202 GC heap before
{Heap before GC invocations=5 (full 1):
 PSYoungGen      total 38400K, used 33280K [0x0000000795580000, 0x0000000798000000, 0x00000007c0000000)
  eden space 33280K, 100% used [0x0000000795580000,0x0000000797600000,0x0000000797600000)
  from space 5120K, 0% used [0x0000000797600000,0x0000000797600000,0x0000000797b00000)
  to   space 5120K, 0% used [0x0000000797b00000,0x0000000797b00000,0x0000000798000000)
 ParOldGen       total 55808K, used 14263K [0x0000000740000000, 0x0000000743680000, 0x0000000795580000)
  object space 55808K, 25% used [0x0000000740000000,0x0000000740dedde8,0x0000000743680000)
 Metaspace       used 21934K, capacity 22236K, committed 22656K, reserved 1069056K
  class space    used 2822K, capacity 2890K, committed 2944K, reserved 1048576K
Event: 217.205 GC heap after
Heap after GC invocations=5 (full 1):
 PSYoungGen      total 38400K, used 2683K [0x0000000795580000, 0x0000000798000000, 0x00000007c0000000)
  eden space 33280K, 0% used [0x0000000795580000,0x0000000795580000,0x0000000797600000)
  from space 5120K, 52% used [0x0000000797b00000,0x0000000797d9eef8,0x0000000798000000)
  to   space 5120K, 0% used [0x0000000797600000,0x0000000797600000,0x0000000797b00000)
 ParOldGen       total 55808K, used 14271K [0x0000000740000000, 0x0000000743680000, 0x0000000795580000)
  object space 55808K, 25% used [0x0000000740000000,0x0000000740defde8,0x0000000743680000)
 Metaspace       used 21934K, capacity 22236K, committed 22656K, reserved 1069056K
  class space    used 2822K, capacity 2890K, committed 2944K, reserved 1048576K
}
Event: 241.898 GC heap before
{Heap before GC invocations=6 (full 1):
 PSYoungGen      total 38400K, used 35963K [0x0000000795580000, 0x0000000798000000, 0x00000007c0000000)
  eden space 33280K, 100% used [0x0000000795580000,0x0000000797600000,0x0000000797600000)
  from space 5120K, 52% used [0x0000000797b00000,0x0000000797d9eef8,0x0000000798000000)
  to   space 5120K, 0% used [0x0000000797600000,0x0000000797600000,0x0000000797b00000)
 ParOldGen       total 55808K, used 14271K [0x0000000740000000, 0x0000000743680000, 0x0000000795580000)
  object space 55808K, 25% used [0x0000000740000000,0x0000000740defde8,0x0000000743680000)
 Metaspace       used 22144K, capacity 22472K, committed 22656K, reserved 1069056K
  class space    used 2830K, capacity 2924K, committed 2944K, reserved 1048576K
Event: 241.901 GC heap after
Heap after GC invocations=6 (full 1):
 PSYoungGen      total 37888K, used 1461K [0x0000000795580000, 0x0000000799280000, 0x00000007c0000000)
  eden space 32768K, 0% used [0x0000000795580000,0x0000000795580000,0x0000000797580000)
  from space 5120K, 28% used [0x0000000797600000,0x000000079776d668,0x0000000797b00000)
  to   space 14848K, 0% used [0x0000000798400000,0x0000000798400000,0x0000000799280000)
 ParOldGen       total 55808K, used 14279K [0x0000000740000000, 0x0000000743680000, 0x0000000795580000)
  object space 55808K, 25% used [0x0000000740000000,0x0000000740df1de8,0x0000000743680000)
 Metaspace       used 22144K, capacity 22472K, committed 22656K, reserved 1069056K
  class space    used 2830K, capacity 2924K, committed 2944K, reserved 1048576K
}
Event: 255.485 GC heap before
{Heap before GC invocations=7 (full 1):
 PSYoungGen      total 37888K, used 34229K [0x0000000795580000, 0x0000000799280000, 0x00000007c0000000)
  eden space 32768K, 100% used [0x0000000795580000,0x0000000797580000,0x0000000797580000)
  from space 5120K, 28% used [0x0000000797600000,0x000000079776d668,0x0000000797b00000)
  to   space 14848K, 0% used [0x0000000798400000,0x0000000798400000,0x0000000799280000)
 ParOldGen       total 55808K, used 14279K [0x0000000740000000, 0x0000000743680000, 0x0000000795580000)
  object space 55808K, 25% used [0x0000000740000000,0x0000000740df1de8,0x0000000743680000)
 Metaspace       used 22199K, capacity 22592K, committed 23040K, reserved 1069056K
  class space    used 2839K, capacity 2960K, committed 3072K, reserved 1048576K
Event: 255.489 GC heap after
Heap after GC invocations=7 (full 1):
 PSYoungGen      total 46592K, used 1589K [0x0000000795580000, 0x0000000799200000, 0x00000007c0000000)
  eden space 32256K, 0% used [0x0000000795580000,0x0000000795580000,0x0000000797500000)
  from space 14336K, 11% used [0x0000000798400000,0x000000079858d668,0x0000000799200000)
  to   space 14848K, 0% used [0x0000000797500000,0x0000000797500000,0x0000000798380000)
 ParOldGen       total 55808K, used 14287K [0x0000000740000000, 0x0000000743680000, 0x0000000795580000)
  object space 55808K, 25% used [0x0000000740000000,0x0000000740df3de8,0x0000000743680000)
 Metaspace       used 22199K, capacity 22592K, committed 23040K, reserved 1069056K
  class space    used 2839K, capacity 2960K, committed 3072K, reserved 1048576K
}

